{"C:/Users/Cliente/Documents/rhythm-box/frontend/src/main.tsx": {"path":"C:/Users/Cliente/Documents/rhythm-box/frontend/src/main.tsx","statementMap":{"0":{"start":{"line":8,"column":0},"end":{"line":12,"column":null}}},"fnMap":{},"branchMap":{},"s":{"0":0},"f":{},"b":{}}
,"C:/Users/Cliente/Documents/rhythm-box/frontend/src/app/AppRouter.tsx": {"path":"C:/Users/Cliente/Documents/rhythm-box/frontend/src/app/AppRouter.tsx","statementMap":{"0":{"start":{"line":12,"column":2},"end":{"line":34,"column":null}}},"fnMap":{"0":{"name":"AppRouter","decl":{"start":{"line":11,"column":16},"end":{"line":11,"column":28}},"loc":{"start":{"line":11,"column":28},"end":{"line":36,"column":null}}}},"branchMap":{},"s":{"0":0},"f":{"0":0},"b":{}}
,"C:/Users/Cliente/Documents/rhythm-box/frontend/src/domains/artists/hooks/useArtist.ts": {"path":"C:/Users/Cliente/Documents/rhythm-box/frontend/src/domains/artists/hooks/useArtist.ts","statementMap":{"0":{"start":{"line":6,"column":30},"end":{"line":6,"column":null}},"1":{"start":{"line":7,"column":32},"end":{"line":7,"column":null}},"2":{"start":{"line":8,"column":28},"end":{"line":8,"column":null}},"3":{"start":{"line":10,"column":2},"end":{"line":16,"column":null}},"4":{"start":{"line":11,"column":4},"end":{"line":11,"column":null}},"5":{"start":{"line":12,"column":4},"end":{"line":15,"column":null}},"6":{"start":{"line":13,"column":22},"end":{"line":13,"column":37}},"7":{"start":{"line":14,"column":22},"end":{"line":14,"column":71}},"8":{"start":{"line":15,"column":21},"end":{"line":15,"column":38}},"9":{"start":{"line":18,"column":2},"end":{"line":18,"column":null}}},"fnMap":{"0":{"name":"useArtist","decl":{"start":{"line":5,"column":16},"end":{"line":5,"column":26}},"loc":{"start":{"line":5,"column":40},"end":{"line":19,"column":null}}},"1":{"name":"(anonymous_1)","decl":{"start":{"line":10,"column":12},"end":{"line":10,"column":18}},"loc":{"start":{"line":10,"column":18},"end":{"line":16,"column":5}}},"2":{"name":"(anonymous_2)","decl":{"start":{"line":13,"column":12},"end":{"line":13,"column":13}},"loc":{"start":{"line":13,"column":22},"end":{"line":13,"column":37}}},"3":{"name":"(anonymous_3)","decl":{"start":{"line":14,"column":13},"end":{"line":14,"column":14}},"loc":{"start":{"line":14,"column":22},"end":{"line":14,"column":71}}},"4":{"name":"(anonymous_4)","decl":{"start":{"line":15,"column":15},"end":{"line":15,"column":21}},"loc":{"start":{"line":15,"column":21},"end":{"line":15,"column":38}}}},"branchMap":{"0":{"loc":{"start":{"line":14,"column":31},"end":{"line":14,"column":70}},"type":"binary-expr","locations":[{"start":{"line":14,"column":31},"end":{"line":14,"column":46}},{"start":{"line":14,"column":46},"end":{"line":14,"column":70}}]}},"s":{"0":0,"1":0,"2":0,"3":0,"4":0,"5":0,"6":0,"7":0,"8":0,"9":0},"f":{"0":0,"1":0,"2":0,"3":0,"4":0},"b":{"0":[0,0]}}
,"C:/Users/Cliente/Documents/rhythm-box/frontend/src/domains/artists/services/artistService.ts": {"path":"C:/Users/Cliente/Documents/rhythm-box/frontend/src/domains/artists/services/artistService.ts","statementMap":{"0":{"start":{"line":4,"column":22},"end":{"line":4,"column":null}},"1":{"start":{"line":7,"column":14},"end":{"line":7,"column":null}},"2":{"start":{"line":8,"column":2},"end":{"line":8,"column":null}}},"fnMap":{"0":{"name":"getArtistProfile","decl":{"start":{"line":6,"column":22},"end":{"line":6,"column":39}},"loc":{"start":{"line":6,"column":77},"end":{"line":9,"column":null}}}},"branchMap":{},"s":{"0":0,"1":0,"2":0},"f":{"0":0},"b":{}}
,"C:/Users/Cliente/Documents/rhythm-box/frontend/src/domains/playlists/hooks/usePlaylists.ts": {"path":"C:/Users/Cliente/Documents/rhythm-box/frontend/src/domains/playlists/hooks/usePlaylists.ts","statementMap":{"0":{"start":{"line":12,"column":36},"end":{"line":12,"column":null}},"1":{"start":{"line":13,"column":32},"end":{"line":13,"column":null}},"2":{"start":{"line":14,"column":28},"end":{"line":14,"column":null}},"3":{"start":{"line":16,"column":16},"end":{"line":26,"column":null}},"4":{"start":{"line":17,"column":4},"end":{"line":17,"column":null}},"5":{"start":{"line":18,"column":4},"end":{"line":25,"column":null}},"6":{"start":{"line":19,"column":19},"end":{"line":19,"column":null}},"7":{"start":{"line":20,"column":6},"end":{"line":20,"column":null}},"8":{"start":{"line":22,"column":6},"end":{"line":22,"column":null}},"9":{"start":{"line":24,"column":6},"end":{"line":24,"column":null}},"10":{"start":{"line":28,"column":17},"end":{"line":37,"column":null}},"11":{"start":{"line":29,"column":4},"end":{"line":29,"column":null}},"12":{"start":{"line":30,"column":4},"end":{"line":36,"column":null}},"13":{"start":{"line":31,"column":19},"end":{"line":31,"column":null}},"14":{"start":{"line":32,"column":6},"end":{"line":32,"column":null}},"15":{"start":{"line":32,"column":27},"end":{"line":32,"column":42}},"16":{"start":{"line":33,"column":6},"end":{"line":33,"column":null}},"17":{"start":{"line":35,"column":6},"end":{"line":35,"column":null}},"18":{"start":{"line":39,"column":17},"end":{"line":48,"column":null}},"19":{"start":{"line":40,"column":4},"end":{"line":40,"column":null}},"20":{"start":{"line":41,"column":4},"end":{"line":47,"column":null}},"21":{"start":{"line":42,"column":18},"end":{"line":42,"column":null}},"22":{"start":{"line":43,"column":6},"end":{"line":43,"column":null}},"23":{"start":{"line":43,"column":27},"end":{"line":43,"column":63}},"24":{"start":{"line":43,"column":41},"end":{"line":43,"column":62}},"25":{"start":{"line":44,"column":6},"end":{"line":44,"column":null}},"26":{"start":{"line":46,"column":6},"end":{"line":46,"column":null}},"27":{"start":{"line":50,"column":17},"end":{"line":58,"column":null}},"28":{"start":{"line":51,"column":4},"end":{"line":51,"column":null}},"29":{"start":{"line":52,"column":4},"end":{"line":57,"column":null}},"30":{"start":{"line":53,"column":6},"end":{"line":53,"column":null}},"31":{"start":{"line":54,"column":6},"end":{"line":54,"column":null}},"32":{"start":{"line":54,"column":27},"end":{"line":54,"column":56}},"33":{"start":{"line":54,"column":44},"end":{"line":54,"column":55}},"34":{"start":{"line":56,"column":6},"end":{"line":56,"column":null}},"35":{"start":{"line":60,"column":2},"end":{"line":60,"column":null}},"36":{"start":{"line":60,"column":20},"end":{"line":60,"column":29}},"37":{"start":{"line":62,"column":2},"end":{"line":62,"column":null}}},"fnMap":{"0":{"name":"usePlaylists","decl":{"start":{"line":11,"column":16},"end":{"line":11,"column":31}},"loc":{"start":{"line":11,"column":31},"end":{"line":63,"column":null}}},"1":{"name":"(anonymous_1)","decl":{"start":{"line":16,"column":28},"end":{"line":16,"column":40}},"loc":{"start":{"line":16,"column":40},"end":{"line":26,"column":5}}},"2":{"name":"(anonymous_2)","decl":{"start":{"line":28,"column":29},"end":{"line":28,"column":36}},"loc":{"start":{"line":28,"column":63},"end":{"line":37,"column":5}}},"3":{"name":"(anonymous_3)","decl":{"start":{"line":32,"column":19},"end":{"line":32,"column":27}},"loc":{"start":{"line":32,"column":27},"end":{"line":32,"column":42}}},"4":{"name":"(anonymous_4)","decl":{"start":{"line":39,"column":29},"end":{"line":39,"column":36}},"loc":{"start":{"line":39,"column":75},"end":{"line":48,"column":5}}},"5":{"name":"(anonymous_5)","decl":{"start":{"line":43,"column":19},"end":{"line":43,"column":27}},"loc":{"start":{"line":43,"column":27},"end":{"line":43,"column":63}}},"6":{"name":"(anonymous_6)","decl":{"start":{"line":43,"column":36},"end":{"line":43,"column":41}},"loc":{"start":{"line":43,"column":41},"end":{"line":43,"column":62}}},"7":{"name":"(anonymous_7)","decl":{"start":{"line":50,"column":29},"end":{"line":50,"column":36}},"loc":{"start":{"line":50,"column":51},"end":{"line":58,"column":5}}},"8":{"name":"(anonymous_8)","decl":{"start":{"line":54,"column":19},"end":{"line":54,"column":27}},"loc":{"start":{"line":54,"column":27},"end":{"line":54,"column":56}}},"9":{"name":"(anonymous_9)","decl":{"start":{"line":54,"column":39},"end":{"line":54,"column":44}},"loc":{"start":{"line":54,"column":44},"end":{"line":54,"column":55}}},"10":{"name":"(anonymous_10)","decl":{"start":{"line":60,"column":12},"end":{"line":60,"column":18}},"loc":{"start":{"line":60,"column":18},"end":{"line":60,"column":32}}}},"branchMap":{"0":{"loc":{"start":{"line":43,"column":41},"end":{"line":43,"column":62}},"type":"cond-expr","locations":[{"start":{"line":43,"column":55},"end":{"line":43,"column":61}},{"start":{"line":43,"column":61},"end":{"line":43,"column":62}}]}},"s":{"0":3,"1":3,"2":3,"3":3,"4":1,"5":1,"6":1,"7":1,"8":0,"9":1,"10":3,"11":0,"12":0,"13":0,"14":0,"15":0,"16":0,"17":0,"18":3,"19":0,"20":0,"21":0,"22":0,"23":0,"24":0,"25":0,"26":0,"27":3,"28":0,"29":0,"30":0,"31":0,"32":0,"33":0,"34":0,"35":3,"36":1,"37":3},"f":{"0":3,"1":1,"2":0,"3":0,"4":0,"5":0,"6":0,"7":0,"8":0,"9":0,"10":1},"b":{"0":[0,0]}}
,"C:/Users/Cliente/Documents/rhythm-box/frontend/src/domains/playlists/services/playlistService.ts": {"path":"C:/Users/Cliente/Documents/rhythm-box/frontend/src/domains/playlists/services/playlistService.ts","statementMap":{"0":{"start":{"line":6,"column":19},"end":{"line":6,"column":null}},"1":{"start":{"line":7,"column":2},"end":{"line":7,"column":null}},"2":{"start":{"line":11,"column":19},"end":{"line":11,"column":null}},"3":{"start":{"line":12,"column":2},"end":{"line":12,"column":null}},"4":{"start":{"line":16,"column":19},"end":{"line":16,"column":null}},"5":{"start":{"line":17,"column":2},"end":{"line":17,"column":null}},"6":{"start":{"line":21,"column":2},"end":{"line":21,"column":null}}},"fnMap":{"0":{"name":"getAllPlaylists","decl":{"start":{"line":5,"column":22},"end":{"line":5,"column":61}},"loc":{"start":{"line":5,"column":61},"end":{"line":8,"column":null}}},"1":{"name":"createPlaylist","decl":{"start":{"line":10,"column":22},"end":{"line":10,"column":37}},"loc":{"start":{"line":10,"column":80},"end":{"line":13,"column":null}}},"2":{"name":"updatePlaylist","decl":{"start":{"line":15,"column":22},"end":{"line":15,"column":37}},"loc":{"start":{"line":15,"column":92},"end":{"line":18,"column":null}}},"3":{"name":"deletePlaylist","decl":{"start":{"line":20,"column":22},"end":{"line":20,"column":37}},"loc":{"start":{"line":20,"column":64},"end":{"line":22,"column":null}}}},"branchMap":{},"s":{"0":0,"1":0,"2":0,"3":0,"4":0,"5":0,"6":0},"f":{"0":0,"1":0,"2":0,"3":0},"b":{}}
,"C:/Users/Cliente/Documents/rhythm-box/frontend/src/domains/tracks/hooks/useTracks.ts": {"path":"C:/Users/Cliente/Documents/rhythm-box/frontend/src/domains/tracks/hooks/useTracks.ts","statementMap":{"0":{"start":{"line":11,"column":30},"end":{"line":11,"column":null}},"1":{"start":{"line":12,"column":32},"end":{"line":12,"column":null}},"2":{"start":{"line":13,"column":28},"end":{"line":13,"column":null}},"3":{"start":{"line":15,"column":16},"end":{"line":25,"column":null}},"4":{"start":{"line":16,"column":4},"end":{"line":16,"column":null}},"5":{"start":{"line":17,"column":4},"end":{"line":24,"column":null}},"6":{"start":{"line":18,"column":19},"end":{"line":18,"column":null}},"7":{"start":{"line":19,"column":6},"end":{"line":19,"column":null}},"8":{"start":{"line":21,"column":6},"end":{"line":21,"column":null}},"9":{"start":{"line":23,"column":6},"end":{"line":23,"column":null}},"10":{"start":{"line":27,"column":2},"end":{"line":27,"column":null}},"11":{"start":{"line":27,"column":20},"end":{"line":27,"column":29}},"12":{"start":{"line":29,"column":17},"end":{"line":39,"column":null}},"13":{"start":{"line":30,"column":4},"end":{"line":30,"column":null}},"14":{"start":{"line":31,"column":4},"end":{"line":38,"column":null}},"15":{"start":{"line":32,"column":6},"end":{"line":32,"column":null}},"16":{"start":{"line":33,"column":6},"end":{"line":33,"column":null}},"17":{"start":{"line":35,"column":6},"end":{"line":35,"column":null}},"18":{"start":{"line":37,"column":6},"end":{"line":37,"column":null}},"19":{"start":{"line":41,"column":2},"end":{"line":49,"column":null}}},"fnMap":{"0":{"name":"useTracks","decl":{"start":{"line":10,"column":16},"end":{"line":10,"column":28}},"loc":{"start":{"line":10,"column":28},"end":{"line":50,"column":null}}},"1":{"name":"(anonymous_1)","decl":{"start":{"line":15,"column":28},"end":{"line":15,"column":40}},"loc":{"start":{"line":15,"column":40},"end":{"line":25,"column":5}}},"2":{"name":"(anonymous_2)","decl":{"start":{"line":27,"column":12},"end":{"line":27,"column":18}},"loc":{"start":{"line":27,"column":18},"end":{"line":27,"column":32}}},"3":{"name":"(anonymous_3)","decl":{"start":{"line":29,"column":29},"end":{"line":29,"column":36}},"loc":{"start":{"line":29,"column":51},"end":{"line":39,"column":5}}}},"branchMap":{},"s":{"0":6,"1":6,"2":6,"3":6,"4":2,"5":2,"6":2,"7":2,"8":0,"9":2,"10":6,"11":2,"12":6,"13":0,"14":0,"15":0,"16":0,"17":0,"18":0,"19":6},"f":{"0":6,"1":2,"2":2,"3":0},"b":{}}
,"C:/Users/Cliente/Documents/rhythm-box/frontend/src/domains/tracks/services/trackService.ts": {"path":"C:/Users/Cliente/Documents/rhythm-box/frontend/src/domains/tracks/services/trackService.ts","statementMap":{"0":{"start":{"line":5,"column":19},"end":{"line":5,"column":null}},"1":{"start":{"line":6,"column":2},"end":{"line":6,"column":null}},"2":{"start":{"line":9,"column":19},"end":{"line":9,"column":null}},"3":{"start":{"line":10,"column":2},"end":{"line":10,"column":null}},"4":{"start":{"line":13,"column":19},"end":{"line":13,"column":null}},"5":{"start":{"line":14,"column":2},"end":{"line":14,"column":null}},"6":{"start":{"line":17,"column":19},"end":{"line":17,"column":null}},"7":{"start":{"line":18,"column":2},"end":{"line":18,"column":null}},"8":{"start":{"line":21,"column":2},"end":{"line":21,"column":null}}},"fnMap":{"0":{"name":"getAllTracks","decl":{"start":{"line":4,"column":22},"end":{"line":4,"column":55}},"loc":{"start":{"line":4,"column":55},"end":{"line":7,"column":null}}},"1":{"name":"getTrackById","decl":{"start":{"line":8,"column":22},"end":{"line":8,"column":35}},"loc":{"start":{"line":8,"column":63},"end":{"line":11,"column":null}}},"2":{"name":"createTrack","decl":{"start":{"line":12,"column":22},"end":{"line":12,"column":34}},"loc":{"start":{"line":12,"column":74},"end":{"line":15,"column":null}}},"3":{"name":"updateTrack","decl":{"start":{"line":16,"column":22},"end":{"line":16,"column":34}},"loc":{"start":{"line":16,"column":95},"end":{"line":19,"column":null}}},"4":{"name":"deleteTrack","decl":{"start":{"line":20,"column":22},"end":{"line":20,"column":34}},"loc":{"start":{"line":20,"column":61},"end":{"line":22,"column":null}}}},"branchMap":{},"s":{"0":0,"1":0,"2":0,"3":0,"4":0,"5":0,"6":0,"7":0,"8":0},"f":{"0":0,"1":0,"2":0,"3":0,"4":0},"b":{}}
,"C:/Users/Cliente/Documents/rhythm-box/frontend/src/domains/users/hooks/useUsers.ts": {"path":"C:/Users/Cliente/Documents/rhythm-box/frontend/src/domains/users/hooks/useUsers.ts","statementMap":{"0":{"start":{"line":6,"column":28},"end":{"line":6,"column":null}},"1":{"start":{"line":7,"column":32},"end":{"line":7,"column":null}},"2":{"start":{"line":8,"column":28},"end":{"line":8,"column":null}},"3":{"start":{"line":10,"column":16},"end":{"line":16,"column":null}},"4":{"start":{"line":11,"column":4},"end":{"line":11,"column":null}},"5":{"start":{"line":12,"column":4},"end":{"line":15,"column":null}},"6":{"start":{"line":14,"column":20},"end":{"line":14,"column":41}},"7":{"start":{"line":15,"column":21},"end":{"line":15,"column":38}},"8":{"start":{"line":18,"column":2},"end":{"line":20,"column":null}},"9":{"start":{"line":19,"column":4},"end":{"line":19,"column":null}},"10":{"start":{"line":22,"column":2},"end":{"line":22,"column":null}}},"fnMap":{"0":{"name":"useUsers","decl":{"start":{"line":5,"column":16},"end":{"line":5,"column":27}},"loc":{"start":{"line":5,"column":27},"end":{"line":23,"column":null}}},"1":{"name":"(anonymous_1)","decl":{"start":{"line":10,"column":28},"end":{"line":10,"column":34}},"loc":{"start":{"line":10,"column":34},"end":{"line":16,"column":5}}},"2":{"name":"(anonymous_2)","decl":{"start":{"line":14,"column":13},"end":{"line":14,"column":20}},"loc":{"start":{"line":14,"column":20},"end":{"line":14,"column":41}}},"3":{"name":"(anonymous_3)","decl":{"start":{"line":15,"column":15},"end":{"line":15,"column":21}},"loc":{"start":{"line":15,"column":21},"end":{"line":15,"column":38}}},"4":{"name":"(anonymous_4)","decl":{"start":{"line":18,"column":12},"end":{"line":18,"column":18}},"loc":{"start":{"line":18,"column":18},"end":{"line":20,"column":5}}}},"branchMap":{},"s":{"0":0,"1":0,"2":0,"3":0,"4":0,"5":0,"6":0,"7":0,"8":0,"9":0,"10":0},"f":{"0":0,"1":0,"2":0,"3":0,"4":0},"b":{}}
,"C:/Users/Cliente/Documents/rhythm-box/frontend/src/domains/users/services/userService.ts": {"path":"C:/Users/Cliente/Documents/rhythm-box/frontend/src/domains/users/services/userService.ts","statementMap":{"0":{"start":{"line":6,"column":19},"end":{"line":6,"column":null}},"1":{"start":{"line":7,"column":2},"end":{"line":7,"column":null}},"2":{"start":{"line":11,"column":19},"end":{"line":11,"column":null}},"3":{"start":{"line":12,"column":2},"end":{"line":12,"column":null}},"4":{"start":{"line":16,"column":19},"end":{"line":16,"column":null}},"5":{"start":{"line":17,"column":2},"end":{"line":17,"column":null}},"6":{"start":{"line":21,"column":2},"end":{"line":21,"column":null}}},"fnMap":{"0":{"name":"getUsers","decl":{"start":{"line":5,"column":22},"end":{"line":5,"column":50}},"loc":{"start":{"line":5,"column":50},"end":{"line":8,"column":null}}},"1":{"name":"createUser","decl":{"start":{"line":10,"column":22},"end":{"line":10,"column":33}},"loc":{"start":{"line":10,"column":68},"end":{"line":13,"column":null}}},"2":{"name":"updateUser","decl":{"start":{"line":15,"column":22},"end":{"line":15,"column":33}},"loc":{"start":{"line":15,"column":80},"end":{"line":18,"column":null}}},"3":{"name":"deleteUser","decl":{"start":{"line":20,"column":22},"end":{"line":20,"column":33}},"loc":{"start":{"line":20,"column":60},"end":{"line":22,"column":null}}}},"branchMap":{},"s":{"0":0,"1":0,"2":0,"3":0,"4":0,"5":0,"6":0},"f":{"0":0,"1":0,"2":0,"3":0},"b":{}}
,"C:/Users/Cliente/Documents/rhythm-box/frontend/src/pages/artistProfile/ArtistProfilePage.tsx": {"path":"C:/Users/Cliente/Documents/rhythm-box/frontend/src/pages/artistProfile/ArtistProfilePage.tsx","statementMap":{"0":{"start":{"line":5,"column":28},"end":{"line":5,"column":null}},"1":{"start":{"line":6,"column":24},"end":{"line":6,"column":null}},"2":{"start":{"line":9,"column":19},"end":{"line":9,"column":null}},"3":{"start":{"line":10,"column":19},"end":{"line":10,"column":null}},"4":{"start":{"line":11,"column":37},"end":{"line":11,"column":null}},"5":{"start":{"line":13,"column":2},"end":{"line":15,"column":null}},"6":{"start":{"line":14,"column":4},"end":{"line":14,"column":null}},"7":{"start":{"line":18,"column":2},"end":{"line":45,"column":null}},"8":{"start":{"line":19,"column":4},"end":{"line":43,"column":null}},"9":{"start":{"line":34,"column":37},"end":{"line":34,"column":59}},"10":{"start":{"line":37,"column":37},"end":{"line":37,"column":52}},"11":{"start":{"line":47,"column":19},"end":{"line":47,"column":null}},"12":{"start":{"line":49,"column":2},"end":{"line":91,"column":null}},"13":{"start":{"line":64,"column":53},"end":{"line":64,"column":59}},"14":{"start":{"line":71,"column":16},"end":{"line":75,"column":null}},"15":{"start":{"line":83,"column":33},"end":{"line":83,"column":55}},"16":{"start":{"line":86,"column":33},"end":{"line":86,"column":48}}},"fnMap":{"0":{"name":"ArtistProfilePage","decl":{"start":{"line":8,"column":16},"end":{"line":8,"column":36}},"loc":{"start":{"line":8,"column":36},"end":{"line":93,"column":null}}},"1":{"name":"(anonymous_1)","decl":{"start":{"line":34,"column":31},"end":{"line":34,"column":37}},"loc":{"start":{"line":34,"column":37},"end":{"line":34,"column":59}}},"2":{"name":"(anonymous_2)","decl":{"start":{"line":37,"column":31},"end":{"line":37,"column":37}},"loc":{"start":{"line":37,"column":37},"end":{"line":37,"column":52}}},"3":{"name":"(anonymous_3)","decl":{"start":{"line":64,"column":46},"end":{"line":64,"column":47}},"loc":{"start":{"line":64,"column":53},"end":{"line":64,"column":59}}},"4":{"name":"(anonymous_4)","decl":{"start":{"line":70,"column":54},"end":{"line":70,"column":55}},"loc":{"start":{"line":71,"column":16},"end":{"line":75,"column":null}}},"5":{"name":"(anonymous_5)","decl":{"start":{"line":83,"column":27},"end":{"line":83,"column":33}},"loc":{"start":{"line":83,"column":33},"end":{"line":83,"column":55}}},"6":{"name":"(anonymous_6)","decl":{"start":{"line":86,"column":27},"end":{"line":86,"column":33}},"loc":{"start":{"line":86,"column":33},"end":{"line":86,"column":48}}}},"branchMap":{"0":{"loc":{"start":{"line":13,"column":2},"end":{"line":15,"column":null}},"type":"if","locations":[{"start":{"line":13,"column":2},"end":{"line":15,"column":null}},{"start":{},"end":{}}]},"1":{"loc":{"start":{"line":18,"column":2},"end":{"line":45,"column":null}},"type":"if","locations":[{"start":{"line":18,"column":2},"end":{"line":45,"column":null}},{"start":{},"end":{}}]}},"s":{"0":0,"1":0,"2":0,"3":0,"4":0,"5":0,"6":0,"7":0,"8":0,"9":0,"10":0,"11":0,"12":0,"13":0,"14":0,"15":0,"16":0},"f":{"0":0,"1":0,"2":0,"3":0,"4":0,"5":0,"6":0},"b":{"0":[0,0],"1":[0,0]}}
,"C:/Users/Cliente/Documents/rhythm-box/frontend/src/pages/artistSearch/ArtistSearchPage.tsx": {"path":"C:/Users/Cliente/Documents/rhythm-box/frontend/src/pages/artistSearch/ArtistSearchPage.tsx","statementMap":{"0":{"start":{"line":5,"column":28},"end":{"line":5,"column":null}},"1":{"start":{"line":6,"column":18},"end":{"line":6,"column":null}},"2":{"start":{"line":9,"column":26},"end":{"line":9,"column":null}},"3":{"start":{"line":10,"column":19},"end":{"line":10,"column":null}},"4":{"start":{"line":12,"column":19},"end":{"line":16,"column":null}},"5":{"start":{"line":13,"column":4},"end":{"line":15,"column":null}},"6":{"start":{"line":14,"column":6},"end":{"line":14,"column":null}},"7":{"start":{"line":18,"column":2},"end":{"line":45,"column":null}},"8":{"start":{"line":34,"column":29},"end":{"line":34,"column":null}},"9":{"start":{"line":39,"column":35},"end":{"line":39,"column":50}}},"fnMap":{"0":{"name":"ArtistSearchPage","decl":{"start":{"line":8,"column":16},"end":{"line":8,"column":35}},"loc":{"start":{"line":8,"column":35},"end":{"line":47,"column":null}}},"1":{"name":"(anonymous_1)","decl":{"start":{"line":12,"column":19},"end":{"line":12,"column":25}},"loc":{"start":{"line":12,"column":25},"end":{"line":16,"column":null}}},"2":{"name":"(anonymous_2)","decl":{"start":{"line":34,"column":22},"end":{"line":34,"column":23}},"loc":{"start":{"line":34,"column":29},"end":{"line":34,"column":null}}},"3":{"name":"(anonymous_3)","decl":{"start":{"line":39,"column":29},"end":{"line":39,"column":35}},"loc":{"start":{"line":39,"column":35},"end":{"line":39,"column":50}}}},"branchMap":{"0":{"loc":{"start":{"line":13,"column":4},"end":{"line":15,"column":null}},"type":"if","locations":[{"start":{"line":13,"column":4},"end":{"line":15,"column":null}},{"start":{},"end":{}}]}},"s":{"0":0,"1":0,"2":0,"3":0,"4":0,"5":0,"6":0,"7":0,"8":0,"9":0},"f":{"0":0,"1":0,"2":0,"3":0},"b":{"0":[0,0]}}
,"C:/Users/Cliente/Documents/rhythm-box/frontend/src/pages/home/HomePage.tsx": {"path":"C:/Users/Cliente/Documents/rhythm-box/frontend/src/pages/home/HomePage.tsx","statementMap":{"0":{"start":{"line":11,"column":28},"end":{"line":11,"column":null}},"1":{"start":{"line":12,"column":24},"end":{"line":12,"column":null}},"2":{"start":{"line":14,"column":17},"end":{"line":39,"column":null}},"3":{"start":{"line":42,"column":2},"end":{"line":72,"column":null}},"4":{"start":{"line":53,"column":12},"end":{"line":68,"column":null}}},"fnMap":{"0":{"name":"HomePage","decl":{"start":{"line":41,"column":16},"end":{"line":41,"column":27}},"loc":{"start":{"line":41,"column":27},"end":{"line":74,"column":null}}},"1":{"name":"(anonymous_1)","decl":{"start":{"line":52,"column":24},"end":{"line":52,"column":25}},"loc":{"start":{"line":53,"column":12},"end":{"line":68,"column":null}}}},"branchMap":{},"s":{"0":1,"1":1,"2":1,"3":1,"4":4},"f":{"0":1,"1":4},"b":{}}
,"C:/Users/Cliente/Documents/rhythm-box/frontend/src/pages/playlist/PlaylistFormPage.tsx": {"path":"C:/Users/Cliente/Documents/rhythm-box/frontend/src/pages/playlist/PlaylistFormPage.tsx","statementMap":{"0":{"start":{"line":13,"column":36},"end":{"line":81,"column":null}},"1":{"start":{"line":14,"column":17},"end":{"line":14,"column":null}},"2":{"start":{"line":15,"column":17},"end":{"line":15,"column":null}},"3":{"start":{"line":16,"column":19},"end":{"line":16,"column":null}},"4":{"start":{"line":17,"column":40},"end":{"line":17,"column":null}},"5":{"start":{"line":18,"column":17},"end":{"line":18,"column":null}},"6":{"start":{"line":19,"column":30},"end":{"line":19,"column":null}},"7":{"start":{"line":20,"column":44},"end":{"line":20,"column":null}},"8":{"start":{"line":22,"column":2},"end":{"line":25,"column":null}},"9":{"start":{"line":23,"column":4},"end":{"line":24,"column":null}},"10":{"start":{"line":23,"column":32},"end":{"line":23,"column":86}},"11":{"start":{"line":23,"column":57},"end":{"line":23,"column":84}},"12":{"start":{"line":24,"column":21},"end":{"line":24,"column":44}},"13":{"start":{"line":27,"column":1},"end":{"line":40,"column":null}},"14":{"start":{"line":28,"column":2},"end":{"line":39,"column":null}},"15":{"start":{"line":29,"column":14},"end":{"line":29,"column":null}},"16":{"start":{"line":29,"column":35},"end":{"line":29,"column":51}},"17":{"start":{"line":30,"column":4},"end":{"line":38,"column":null}},"18":{"start":{"line":31,"column":6},"end":{"line":37,"column":null}},"19":{"start":{"line":34,"column":36},"end":{"line":34,"column":40}},"20":{"start":{"line":43,"column":19},"end":{"line":50,"column":null}},"21":{"start":{"line":44,"column":4},"end":{"line":48,"column":null}},"22":{"start":{"line":45,"column":6},"end":{"line":45,"column":null}},"23":{"start":{"line":47,"column":6},"end":{"line":47,"column":null}},"24":{"start":{"line":49,"column":4},"end":{"line":49,"column":null}},"25":{"start":{"line":52,"column":2},"end":{"line":79,"column":null}},"26":{"start":{"line":54,"column":29},"end":{"line":54,"column":53}},"27":{"start":{"line":67,"column":60},"end":{"line":67,"column":91}},"28":{"start":{"line":75,"column":35},"end":{"line":75,"column":59}}},"fnMap":{"0":{"name":"(anonymous_0)","decl":{"start":{"line":13,"column":36},"end":{"line":13,"column":42}},"loc":{"start":{"line":13,"column":42},"end":{"line":81,"column":null}}},"1":{"name":"(anonymous_1)","decl":{"start":{"line":22,"column":12},"end":{"line":22,"column":18}},"loc":{"start":{"line":22,"column":18},"end":{"line":25,"column":5}}},"2":{"name":"(anonymous_2)","decl":{"start":{"line":23,"column":24},"end":{"line":23,"column":32}},"loc":{"start":{"line":23,"column":32},"end":{"line":23,"column":86}}},"3":{"name":"(anonymous_3)","decl":{"start":{"line":23,"column":51},"end":{"line":23,"column":57}},"loc":{"start":{"line":23,"column":57},"end":{"line":23,"column":84}}},"4":{"name":"(anonymous_4)","decl":{"start":{"line":24,"column":15},"end":{"line":24,"column":21}},"loc":{"start":{"line":24,"column":21},"end":{"line":24,"column":44}}},"5":{"name":"(anonymous_5)","decl":{"start":{"line":27,"column":11},"end":{"line":27,"column":17}},"loc":{"start":{"line":27,"column":17},"end":{"line":40,"column":3}}},"6":{"name":"(anonymous_6)","decl":{"start":{"line":29,"column":29},"end":{"line":29,"column":35}},"loc":{"start":{"line":29,"column":35},"end":{"line":29,"column":51}}},"7":{"name":"(anonymous_7)","decl":{"start":{"line":34,"column":31},"end":{"line":34,"column":36}},"loc":{"start":{"line":34,"column":36},"end":{"line":34,"column":40}}},"8":{"name":"(anonymous_8)","decl":{"start":{"line":43,"column":19},"end":{"line":43,"column":26}},"loc":{"start":{"line":43,"column":58},"end":{"line":50,"column":null}}},"9":{"name":"(anonymous_9)","decl":{"start":{"line":54,"column":23},"end":{"line":54,"column":29}},"loc":{"start":{"line":54,"column":29},"end":{"line":54,"column":53}}},"10":{"name":"(anonymous_10)","decl":{"start":{"line":67,"column":54},"end":{"line":67,"column":60}},"loc":{"start":{"line":67,"column":60},"end":{"line":67,"column":91}}},"11":{"name":"(anonymous_11)","decl":{"start":{"line":75,"column":29},"end":{"line":75,"column":35}},"loc":{"start":{"line":75,"column":35},"end":{"line":75,"column":59}}}},"branchMap":{"0":{"loc":{"start":{"line":15,"column":17},"end":{"line":15,"column":null}},"type":"cond-expr","locations":[{"start":{"line":15,"column":22},"end":{"line":15,"column":37}},{"start":{"line":15,"column":37},"end":{"line":15,"column":null}}]},"1":{"loc":{"start":{"line":28,"column":2},"end":{"line":39,"column":null}},"type":"if","locations":[{"start":{"line":28,"column":2},"end":{"line":39,"column":null}},{"start":{},"end":{}}]},"2":{"loc":{"start":{"line":30,"column":4},"end":{"line":38,"column":null}},"type":"if","locations":[{"start":{"line":30,"column":4},"end":{"line":38,"column":null}},{"start":{},"end":{}}]},"3":{"loc":{"start":{"line":44,"column":4},"end":{"line":48,"column":null}},"type":"if","locations":[{"start":{"line":44,"column":4},"end":{"line":48,"column":null}},{"start":{"line":46,"column":11},"end":{"line":48,"column":null}}]},"4":{"loc":{"start":{"line":66,"column":11},"end":{"line":67,"column":null}},"type":"cond-expr","locations":[{"start":{"line":66,"column":27},"end":{"line":66,"column":null}},{"start":{"line":67,"column":10},"end":{"line":67,"column":null}}]},"5":{"loc":{"start":{"line":73,"column":15},"end":{"line":73,"column":null}},"type":"cond-expr","locations":[{"start":{"line":73,"column":24},"end":{"line":73,"column":38}},{"start":{"line":73,"column":38},"end":{"line":73,"column":null}}]}},"s":{"0":0,"1":0,"2":0,"3":0,"4":0,"5":0,"6":0,"7":0,"8":0,"9":0,"10":0,"11":0,"12":0,"13":0,"14":0,"15":0,"16":0,"17":0,"18":0,"19":0,"20":0,"21":0,"22":0,"23":0,"24":0,"25":0,"26":0,"27":0,"28":0},"f":{"0":0,"1":0,"2":0,"3":0,"4":0,"5":0,"6":0,"7":0,"8":0,"9":0,"10":0,"11":0},"b":{"0":[0,0],"1":[0,0],"2":[0,0],"3":[0,0],"4":[0,0],"5":[0,0]}}
,"C:/Users/Cliente/Documents/rhythm-box/frontend/src/pages/playlist/PlaylistsListPage.tsx": {"path":"C:/Users/Cliente/Documents/rhythm-box/frontend/src/pages/playlist/PlaylistsListPage.tsx","statementMap":{"0":{"start":{"line":8,"column":37},"end":{"line":84,"column":null}},"1":{"start":{"line":9,"column":19},"end":{"line":9,"column":null}},"2":{"start":{"line":10,"column":48},"end":{"line":10,"column":null}},"3":{"start":{"line":12,"column":41},"end":{"line":45,"column":null}},"4":{"start":{"line":21,"column":5},"end":{"line":23,"column":null}},"5":{"start":{"line":22,"column":24},"end":{"line":22,"column":28}},"6":{"start":{"line":30,"column":6},"end":{"line":42,"column":null}},"7":{"start":{"line":31,"column":31},"end":{"line":31,"column":68}},"8":{"start":{"line":36,"column":27},"end":{"line":36,"column":null}},"9":{"start":{"line":47,"column":2},"end":{"line":82,"column":null}},"10":{"start":{"line":61,"column":50},"end":{"line":61,"column":78}},"11":{"start":{"line":64,"column":35},"end":{"line":64,"column":50}}},"fnMap":{"0":{"name":"(anonymous_0)","decl":{"start":{"line":8,"column":37},"end":{"line":8,"column":43}},"loc":{"start":{"line":8,"column":43},"end":{"line":84,"column":null}}},"1":{"name":"(anonymous_1)","decl":{"start":{"line":20,"column":13},"end":{"line":20,"column":14}},"loc":{"start":{"line":21,"column":5},"end":{"line":23,"column":null}}},"2":{"name":"(anonymous_2)","decl":{"start":{"line":22,"column":19},"end":{"line":22,"column":24}},"loc":{"start":{"line":22,"column":24},"end":{"line":22,"column":28}}},"3":{"name":"(anonymous_3)","decl":{"start":{"line":29,"column":12},"end":{"line":29,"column":13}},"loc":{"start":{"line":30,"column":6},"end":{"line":42,"column":null}}},"4":{"name":"(anonymous_4)","decl":{"start":{"line":31,"column":25},"end":{"line":31,"column":31}},"loc":{"start":{"line":31,"column":31},"end":{"line":31,"column":68}}},"5":{"name":"(anonymous_5)","decl":{"start":{"line":36,"column":21},"end":{"line":36,"column":27}},"loc":{"start":{"line":36,"column":27},"end":{"line":36,"column":null}}},"6":{"name":"(anonymous_6)","decl":{"start":{"line":61,"column":44},"end":{"line":61,"column":50}},"loc":{"start":{"line":61,"column":50},"end":{"line":61,"column":78}}},"7":{"name":"(anonymous_7)","decl":{"start":{"line":64,"column":29},"end":{"line":64,"column":35}},"loc":{"start":{"line":64,"column":35},"end":{"line":64,"column":50}}}},"branchMap":{"0":{"loc":{"start":{"line":20,"column":14},"end":{"line":20,"column":null}},"type":"default-arg","locations":[{"start":{"line":20,"column":43},"end":{"line":20,"column":null}}]},"1":{"loc":{"start":{"line":21,"column":5},"end":{"line":23,"column":null}},"type":"cond-expr","locations":[{"start":{"line":22,"column":8},"end":{"line":22,"column":null}},{"start":{"line":23,"column":8},"end":{"line":23,"column":null}}]},"2":{"loc":{"start":{"line":77,"column":7},"end":{"line":80,"column":null}},"type":"binary-expr","locations":[{"start":{"line":77,"column":7},"end":{"line":77,"column":null}},{"start":{"line":78,"column":8},"end":{"line":80,"column":null}}]}},"s":{"0":1,"1":3,"2":3,"3":3,"4":1,"5":0,"6":1,"7":0,"8":0,"9":3,"10":0,"11":0},"f":{"0":3,"1":1,"2":0,"3":1,"4":0,"5":0,"6":0,"7":0},"b":{"0":[0],"1":[1,0],"2":[3,0]}}
,"C:/Users/Cliente/Documents/rhythm-box/frontend/src/pages/tracks/TrackFormPage.tsx": {"path":"C:/Users/Cliente/Documents/rhythm-box/frontend/src/pages/tracks/TrackFormPage.tsx","statementMap":{"0":{"start":{"line":7,"column":33},"end":{"line":91,"column":null}},"1":{"start":{"line":8,"column":17},"end":{"line":8,"column":null}},"2":{"start":{"line":9,"column":17},"end":{"line":9,"column":null}},"3":{"start":{"line":10,"column":19},"end":{"line":10,"column":null}},"4":{"start":{"line":11,"column":63},"end":{"line":11,"column":null}},"5":{"start":{"line":12,"column":17},"end":{"line":12,"column":null}},"6":{"start":{"line":14,"column":2},"end":{"line":25,"column":null}},"7":{"start":{"line":15,"column":4},"end":{"line":24,"column":null}},"8":{"start":{"line":16,"column":16},"end":{"line":16,"column":null}},"9":{"start":{"line":16,"column":33},"end":{"line":16,"column":48}},"10":{"start":{"line":17,"column":6},"end":{"line":23,"column":null}},"11":{"start":{"line":18,"column":8},"end":{"line":22,"column":null}},"12":{"start":{"line":27,"column":19},"end":{"line":37,"column":null}},"13":{"start":{"line":28,"column":4},"end":{"line":36,"column":null}},"14":{"start":{"line":29,"column":6},"end":{"line":33,"column":null}},"15":{"start":{"line":30,"column":8},"end":{"line":30,"column":null}},"16":{"start":{"line":32,"column":8},"end":{"line":32,"column":null}},"17":{"start":{"line":34,"column":6},"end":{"line":34,"column":null}},"18":{"start":{"line":39,"column":2},"end":{"line":45,"column":null}},"19":{"start":{"line":40,"column":4},"end":{"line":43,"column":null}},"20":{"start":{"line":47,"column":2},"end":{"line":49,"column":null}},"21":{"start":{"line":48,"column":4},"end":{"line":48,"column":null}},"22":{"start":{"line":51,"column":2},"end":{"line":89,"column":null}},"23":{"start":{"line":53,"column":29},"end":{"line":53,"column":50}},"24":{"start":{"line":85,"column":35},"end":{"line":85,"column":56}}},"fnMap":{"0":{"name":"(anonymous_0)","decl":{"start":{"line":7,"column":33},"end":{"line":7,"column":39}},"loc":{"start":{"line":7,"column":39},"end":{"line":91,"column":null}}},"1":{"name":"(anonymous_1)","decl":{"start":{"line":14,"column":12},"end":{"line":14,"column":18}},"loc":{"start":{"line":14,"column":18},"end":{"line":25,"column":5}}},"2":{"name":"(anonymous_2)","decl":{"start":{"line":16,"column":28},"end":{"line":16,"column":33}},"loc":{"start":{"line":16,"column":33},"end":{"line":16,"column":48}}},"3":{"name":"(anonymous_3)","decl":{"start":{"line":27,"column":19},"end":{"line":27,"column":26}},"loc":{"start":{"line":27,"column":53},"end":{"line":37,"column":null}}},"4":{"name":"(anonymous_4)","decl":{"start":{"line":53,"column":23},"end":{"line":53,"column":29}},"loc":{"start":{"line":53,"column":29},"end":{"line":53,"column":50}}},"5":{"name":"(anonymous_5)","decl":{"start":{"line":85,"column":29},"end":{"line":85,"column":35}},"loc":{"start":{"line":85,"column":35},"end":{"line":85,"column":56}}}},"branchMap":{"0":{"loc":{"start":{"line":9,"column":17},"end":{"line":9,"column":null}},"type":"cond-expr","locations":[{"start":{"line":9,"column":22},"end":{"line":9,"column":41}},{"start":{"line":9,"column":41},"end":{"line":9,"column":null}}]},"1":{"loc":{"start":{"line":15,"column":4},"end":{"line":24,"column":null}},"type":"if","locations":[{"start":{"line":15,"column":4},"end":{"line":24,"column":null}},{"start":{},"end":{}}]},"2":{"loc":{"start":{"line":15,"column":8},"end":{"line":15,"column":37}},"type":"binary-expr","locations":[{"start":{"line":15,"column":8},"end":{"line":15,"column":27}},{"start":{"line":15,"column":27},"end":{"line":15,"column":37}}]},"3":{"loc":{"start":{"line":17,"column":6},"end":{"line":23,"column":null}},"type":"if","locations":[{"start":{"line":17,"column":6},"end":{"line":23,"column":null}},{"start":{},"end":{}}]},"4":{"loc":{"start":{"line":29,"column":6},"end":{"line":33,"column":null}},"type":"if","locations":[{"start":{"line":29,"column":6},"end":{"line":33,"column":null}},{"start":{"line":31,"column":13},"end":{"line":33,"column":null}}]},"5":{"loc":{"start":{"line":39,"column":2},"end":{"line":45,"column":null}},"type":"if","locations":[{"start":{"line":39,"column":2},"end":{"line":45,"column":null}},{"start":{},"end":{}}]},"6":{"loc":{"start":{"line":47,"column":2},"end":{"line":49,"column":null}},"type":"if","locations":[{"start":{"line":47,"column":2},"end":{"line":49,"column":null}},{"start":{},"end":{}}]},"7":{"loc":{"start":{"line":83,"column":15},"end":{"line":83,"column":null}},"type":"cond-expr","locations":[{"start":{"line":83,"column":24},"end":{"line":83,"column":44}},{"start":{"line":83,"column":44},"end":{"line":83,"column":null}}]}},"s":{"0":0,"1":0,"2":0,"3":0,"4":0,"5":0,"6":0,"7":0,"8":0,"9":0,"10":0,"11":0,"12":0,"13":0,"14":0,"15":0,"16":0,"17":0,"18":0,"19":0,"20":0,"21":0,"22":0,"23":0,"24":0},"f":{"0":0,"1":0,"2":0,"3":0,"4":0,"5":0},"b":{"0":[0,0],"1":[0,0],"2":[0,0],"3":[0,0],"4":[0,0],"5":[0,0],"6":[0,0],"7":[0,0]}}
,"C:/Users/Cliente/Documents/rhythm-box/frontend/src/pages/tracks/TrackListPage.tsx": {"path":"C:/Users/Cliente/Documents/rhythm-box/frontend/src/pages/tracks/TrackListPage.tsx","statementMap":{"0":{"start":{"line":8,"column":34},"end":{"line":79,"column":null}},"1":{"start":{"line":9,"column":19},"end":{"line":9,"column":null}},"2":{"start":{"line":10,"column":50},"end":{"line":10,"column":null}},"3":{"start":{"line":12,"column":38},"end":{"line":36,"column":null}},"4":{"start":{"line":21,"column":8},"end":{"line":33,"column":null}},"5":{"start":{"line":22,"column":31},"end":{"line":22,"column":65}},"6":{"start":{"line":27,"column":29},"end":{"line":27,"column":null}},"7":{"start":{"line":38,"column":2},"end":{"line":77,"column":null}},"8":{"start":{"line":53,"column":50},"end":{"line":53,"column":75}},"9":{"start":{"line":56,"column":35},"end":{"line":56,"column":50}}},"fnMap":{"0":{"name":"(anonymous_0)","decl":{"start":{"line":8,"column":34},"end":{"line":8,"column":40}},"loc":{"start":{"line":8,"column":40},"end":{"line":79,"column":null}}},"1":{"name":"(anonymous_1)","decl":{"start":{"line":20,"column":12},"end":{"line":20,"column":13}},"loc":{"start":{"line":21,"column":8},"end":{"line":33,"column":null}}},"2":{"name":"(anonymous_2)","decl":{"start":{"line":22,"column":25},"end":{"line":22,"column":31}},"loc":{"start":{"line":22,"column":31},"end":{"line":22,"column":65}}},"3":{"name":"(anonymous_3)","decl":{"start":{"line":27,"column":23},"end":{"line":27,"column":29}},"loc":{"start":{"line":27,"column":29},"end":{"line":27,"column":null}}},"4":{"name":"(anonymous_4)","decl":{"start":{"line":53,"column":44},"end":{"line":53,"column":50}},"loc":{"start":{"line":53,"column":50},"end":{"line":53,"column":75}}},"5":{"name":"(anonymous_5)","decl":{"start":{"line":56,"column":29},"end":{"line":56,"column":35}},"loc":{"start":{"line":56,"column":35},"end":{"line":56,"column":50}}}},"branchMap":{"0":{"loc":{"start":{"line":72,"column":7},"end":{"line":75,"column":null}},"type":"binary-expr","locations":[{"start":{"line":72,"column":7},"end":{"line":72,"column":null}},{"start":{"line":73,"column":8},"end":{"line":75,"column":null}}]}},"s":{"0":1,"1":6,"2":6,"3":6,"4":4,"5":0,"6":0,"7":6,"8":0,"9":0},"f":{"0":6,"1":4,"2":0,"3":0,"4":0,"5":0},"b":{"0":[6,0]}}
,"C:/Users/Cliente/Documents/rhythm-box/frontend/src/pages/users/UserListPage.tsx": {"path":"C:/Users/Cliente/Documents/rhythm-box/frontend/src/pages/users/UserListPage.tsx","statementMap":{"0":{"start":{"line":20,"column":28},"end":{"line":20,"column":null}},"1":{"start":{"line":21,"column":28},"end":{"line":21,"column":null}},"2":{"start":{"line":24,"column":45},"end":{"line":24,"column":null}},"3":{"start":{"line":25,"column":42},"end":{"line":25,"column":null}},"4":{"start":{"line":26,"column":42},"end":{"line":26,"column":null}},"5":{"start":{"line":27,"column":17},"end":{"line":27,"column":null}},"6":{"start":{"line":29,"column":21},"end":{"line":33,"column":null}},"7":{"start":{"line":30,"column":4},"end":{"line":30,"column":null}},"8":{"start":{"line":31,"column":4},"end":{"line":31,"column":null}},"9":{"start":{"line":32,"column":4},"end":{"line":32,"column":null}},"10":{"start":{"line":35,"column":19},"end":{"line":39,"column":null}},"11":{"start":{"line":36,"column":4},"end":{"line":36,"column":null}},"12":{"start":{"line":37,"column":4},"end":{"line":37,"column":null}},"13":{"start":{"line":38,"column":4},"end":{"line":38,"column":null}},"14":{"start":{"line":41,"column":19},"end":{"line":56,"column":null}},"15":{"start":{"line":42,"column":4},"end":{"line":55,"column":null}},"16":{"start":{"line":43,"column":18},"end":{"line":43,"column":null}},"17":{"start":{"line":44,"column":6},"end":{"line":50,"column":null}},"18":{"start":{"line":45,"column":8},"end":{"line":45,"column":null}},"19":{"start":{"line":46,"column":8},"end":{"line":46,"column":null}},"20":{"start":{"line":48,"column":8},"end":{"line":48,"column":null}},"21":{"start":{"line":49,"column":8},"end":{"line":49,"column":null}},"22":{"start":{"line":51,"column":6},"end":{"line":51,"column":null}},"23":{"start":{"line":52,"column":6},"end":{"line":52,"column":null}},"24":{"start":{"line":58,"column":23},"end":{"line":66,"column":null}},"25":{"start":{"line":59,"column":4},"end":{"line":65,"column":null}},"26":{"start":{"line":60,"column":6},"end":{"line":60,"column":null}},"27":{"start":{"line":61,"column":6},"end":{"line":61,"column":null}},"28":{"start":{"line":62,"column":6},"end":{"line":62,"column":null}},"29":{"start":{"line":64,"column":6},"end":{"line":64,"column":null}},"30":{"start":{"line":68,"column":18},"end":{"line":91,"column":null}},"31":{"start":{"line":76,"column":8},"end":{"line":88,"column":null}},"32":{"start":{"line":77,"column":46},"end":{"line":77,"column":64}},"33":{"start":{"line":82,"column":29},"end":{"line":82,"column":null}},"34":{"start":{"line":93,"column":2},"end":{"line":93,"column":null}},"35":{"start":{"line":93,"column":13},"end":{"line":93,"column":null}},"36":{"start":{"line":95,"column":2},"end":{"line":146,"column":null}},"37":{"start":{"line":113,"column":33},"end":{"line":113,"column":61}},"38":{"start":{"line":133,"column":24},"end":{"line":133,"column":null}}},"fnMap":{"0":{"name":"UserListPage","decl":{"start":{"line":23,"column":16},"end":{"line":23,"column":31}},"loc":{"start":{"line":23,"column":31},"end":{"line":148,"column":null}}},"1":{"name":"(anonymous_1)","decl":{"start":{"line":29,"column":21},"end":{"line":29,"column":27}},"loc":{"start":{"line":29,"column":27},"end":{"line":33,"column":null}}},"2":{"name":"(anonymous_2)","decl":{"start":{"line":35,"column":19},"end":{"line":35,"column":20}},"loc":{"start":{"line":35,"column":35},"end":{"line":39,"column":null}}},"3":{"name":"(anonymous_3)","decl":{"start":{"line":41,"column":19},"end":{"line":41,"column":31}},"loc":{"start":{"line":41,"column":31},"end":{"line":56,"column":null}}},"4":{"name":"(anonymous_4)","decl":{"start":{"line":58,"column":23},"end":{"line":58,"column":30}},"loc":{"start":{"line":58,"column":45},"end":{"line":66,"column":null}}},"5":{"name":"(anonymous_5)","decl":{"start":{"line":75,"column":14},"end":{"line":75,"column":15}},"loc":{"start":{"line":76,"column":8},"end":{"line":88,"column":null}}},"6":{"name":"(anonymous_6)","decl":{"start":{"line":77,"column":40},"end":{"line":77,"column":46}},"loc":{"start":{"line":77,"column":46},"end":{"line":77,"column":64}}},"7":{"name":"(anonymous_7)","decl":{"start":{"line":82,"column":23},"end":{"line":82,"column":29}},"loc":{"start":{"line":82,"column":29},"end":{"line":82,"column":null}}},"8":{"name":"(anonymous_8)","decl":{"start":{"line":113,"column":27},"end":{"line":113,"column":33}},"loc":{"start":{"line":113,"column":33},"end":{"line":113,"column":61}}},"9":{"name":"(anonymous_9)","decl":{"start":{"line":133,"column":18},"end":{"line":133,"column":24}},"loc":{"start":{"line":133,"column":24},"end":{"line":133,"column":null}}}},"branchMap":{"0":{"loc":{"start":{"line":44,"column":6},"end":{"line":50,"column":null}},"type":"if","locations":[{"start":{"line":44,"column":6},"end":{"line":50,"column":null}},{"start":{"line":47,"column":13},"end":{"line":50,"column":null}}]},"1":{"loc":{"start":{"line":93,"column":2},"end":{"line":93,"column":null}},"type":"if","locations":[{"start":{"line":93,"column":2},"end":{"line":93,"column":null}},{"start":{},"end":{}}]},"2":{"loc":{"start":{"line":130,"column":15},"end":{"line":130,"column":null}},"type":"cond-expr","locations":[{"start":{"line":130,"column":29},"end":{"line":130,"column":48}},{"start":{"line":130,"column":48},"end":{"line":130,"column":null}}]}},"s":{"0":1,"1":1,"2":1,"3":1,"4":1,"5":1,"6":1,"7":0,"8":0,"9":0,"10":1,"11":0,"12":0,"13":0,"14":1,"15":0,"16":0,"17":0,"18":0,"19":0,"20":0,"21":0,"22":0,"23":0,"24":1,"25":0,"26":0,"27":0,"28":0,"29":0,"30":1,"31":2,"32":0,"33":0,"34":1,"35":0,"36":1,"37":0,"38":0},"f":{"0":1,"1":0,"2":0,"3":0,"4":0,"5":2,"6":0,"7":0,"8":0,"9":0},"b":{"0":[0,0],"1":[0,1],"2":[0,1]}}
,"C:/Users/Cliente/Documents/rhythm-box/frontend/src/services/api.ts": {"path":"C:/Users/Cliente/Documents/rhythm-box/frontend/src/services/api.ts","statementMap":{"0":{"start":{"line":3,"column":19},"end":{"line":8,"column":null}}},"fnMap":{},"branchMap":{"0":{"loc":{"start":{"line":4,"column":11},"end":{"line":4,"column":null}},"type":"binary-expr","locations":[{"start":{"line":4,"column":11},"end":{"line":4,"column":48}},{"start":{"line":4,"column":48},"end":{"line":4,"column":null}}]}},"s":{"0":1},"f":{},"b":{"0":[1,0]}}
}
